<?xml version="1.0" encoding="UTF-8" ?>
<testsuite tests="5" failures="0" name="com.freelance.project.verticle.service.ProjectServiceTest" time="0.997" errors="0" skipped="0">
  <properties>
[...]
</properties>
  <testcase classname="com.freelance.project.verticle.service.ProjectServiceTest" name="testPing" time="0.503"/>
  <testcase classname="com.freelance.project.verticle.service.ProjectServiceTest" name="testGetProjectsByStatus" time="0.364"/>
  <testcase classname="com.freelance.project.verticle.service.ProjectServiceTest" name="testGetProjects" time="0.062"/>
  <testcase classname="com.freelance.project.verticle.service.ProjectServiceTest" name="testGetNonExistingProject" time="0.034"/>
  <testcase classname="com.freelance.project.verticle.service.ProjectServiceTest" name="testGetProjectById" time="0.034"/>
</testsuite>